<?xml version="1.0" encoding="UTF-8"?>
<!-- Generated by org.testng.reporters.JUnitXMLReporter -->
<testsuite ignored="0" hostname="Magda" failures="0" tests="3" name="AddToClosetTest-CH" time="113.749" errors="0" timestamp="20 kwi 2022 20:40:41 GMT">
  <testcase classname="index.addtoclosettests.AddToClosetTests" name="addToClosetTest" time="25.768"/>
  <testcase classname="index.addtoclosettests.AddToClosetTests" name="addToClosetTest" time="48.26"/>
  <testcase classname="index.addtoclosettests.AddToClosetTests" name="addToClosetTest" time="25.591"/>
</testsuite> <!-- AddToClosetTest-CH -->
