<?xml version="1.0" encoding="UTF-8"?>
<!-- Generated by org.testng.reporters.JUnitXMLReporter -->
<testsuite ignored="0" hostname="Magda" failures="0" tests="2" name="ChooseOutfitTopBottomsTest-CH" time="140.546" errors="0" timestamp="20 kwi 2022 20:45:11 GMT">
  <testcase classname="index.chooseoutfittests.ChooseOutfitTopBottomsTests" name="chooseOutfitTopBottomsTest" time="49.238"/>
  <testcase classname="index.chooseoutfittests.ChooseOutfitTopBottomsTests" name="chooseOutfitTopBottomsTest" time="82.834"/>
</testsuite> <!-- ChooseOutfitTopBottomsTest-CH -->
