<?xml version="1.0" encoding="UTF-8"?>
<!-- Generated by org.testng.reporters.JUnitXMLReporter -->
<testsuite ignored="0" hostname="Magda" failures="0" tests="2" name="ChooseOutfitDressTest-CH" time="129.501" errors="0" timestamp="20 kwi 2022 20:42:51 GMT">
  <testcase classname="index.chooseoutfittests.ChooseOutfitDressTests" name="chooseOutfitDressTest" time="35.521"/>
  <testcase classname="index.chooseoutfittests.ChooseOutfitDressTests" name="chooseOutfitDressTest" time="85.822"/>
</testsuite> <!-- ChooseOutfitDressTest-CH -->
