<?xml version="1.0" encoding="UTF-8"?>
<!-- Generated by org.testng.reporters.JUnitXMLReporter -->
<testsuite ignored="0" hostname="Magda" failures="1" tests="1" name="MyOutfistPageTest-CH" time="100.837" errors="0" timestamp="09 kwi 2022 23:05:31 GMT">
  <testcase classname="index.myoutfitspagetests.MyOutfitsPageTests" name="myOutfitsPageTest" time="85.349">
    <failure type="java.lang.AssertionError" message="lists don&amp;apos;t have the same size expected [5] but found [15]">
      <![CDATA[java.lang.AssertionError: lists don't have the same size expected [5] but found [15]
at index.myoutfitspagetests.MyOutfitsPageTests.myOutfitsPageTest(MyOutfitsPageTests.java:44)
at java.base/java.util.concurrent.FutureTask.run(FutureTask.java:264)
at java.base/java.util.concurrent.ThreadPoolExecutor.runWorker(ThreadPoolExecutor.java:1136)
at java.base/java.util.concurrent.ThreadPoolExecutor$Worker.run(ThreadPoolExecutor.java:635)
at java.base/java.lang.Thread.run(Thread.java:833)
... Removed 23 stack frames]]>
    </failure>
  </testcase> <!-- myOutfitsPageTest -->
</testsuite> <!-- MyOutfistPageTest-CH -->
