<?xml version="1.0" encoding="UTF-8"?>
<!-- Generated by org.testng.reporters.JUnitXMLReporter -->
<testsuite ignored="0" hostname="Magda" failures="0" tests="5" name="NegativeLogInTest-CH" time="43.724" errors="0" timestamp="20 kwi 2022 20:51:26 GMT">
  <testcase classname="index.loginpagetests.NegativeLogInTests" name="negativeLogInTest" time="4.793"/>
  <testcase classname="index.loginpagetests.NegativeLogInTests" name="negativeLogInTest" time="4.655"/>
  <testcase classname="index.loginpagetests.NegativeLogInTests" name="negativeLogInTest" time="4.654"/>
  <testcase classname="index.loginpagetests.NegativeLogInTests" name="negativeLogInTest" time="4.539"/>
  <testcase classname="index.loginpagetests.NegativeLogInTests" name="negativeLogInTest" time="4.815"/>
</testsuite> <!-- NegativeLogInTest-CH -->
