<?xml version="1.0" encoding="UTF-8"?>
<!-- Generated by org.testng.reporters.JUnitXMLReporter -->
<testsuite ignored="0" hostname="Magda" failures="0" tests="2" name="ChooseOutfitDressTest-CH" time="78.846" errors="0" timestamp="20 kwi 2022 19:12:42 GMT">
  <testcase classname="index.chooseoutfittests.ChooseOutfitDressTests" name="chooseOutfitDressTest" time="35.751"/>
  <testcase classname="index.chooseoutfittests.ChooseOutfitDressTests" name="chooseOutfitDressTest" time="32.854"/>
</testsuite> <!-- ChooseOutfitDressTest-CH -->
