<?xml version="1.0" encoding="UTF-8"?>
<!-- Generated by org.testng.reporters.JUnitXMLReporter -->
<testsuite ignored="0" hostname="Magda" failures="0" tests="2" name="ChooseOutfitTopBottomsTest-CH" time="90.655" errors="0" timestamp="20 kwi 2022 19:14:12 GMT">
  <testcase classname="index.chooseoutfittests.ChooseOutfitTopBottomsTests" name="chooseOutfitTopBottomsTest" time="37.416"/>
  <testcase classname="index.chooseoutfittests.ChooseOutfitTopBottomsTests" name="chooseOutfitTopBottomsTest" time="44.525"/>
</testsuite> <!-- ChooseOutfitTopBottomsTest-CH -->
