<?xml version="1.0" encoding="UTF-8"?>
<!-- Generated by org.testng.reporters.JUnitXMLReporter -->
<testsuite ignored="0" hostname="Magda" failures="0" tests="2" name="ChooseOutfitTest-CH" time="82.225" errors="0" timestamp="20 kwi 2022 16:08:17 GMT">
  <testcase classname="index.chooseoutfittests.ChooseOutfitDressTests" name="chooseOutfitDressTest" time="37.863"/>
  <testcase classname="index.chooseoutfittests.ChooseOutfitDressTests" name="chooseOutfitDressTest" time="33.398"/>
</testsuite> <!-- ChooseOutfitTest-CH -->
