<?xml version="1.0" encoding="UTF-8"?>
<!-- Generated by org.testng.reporters.JUnitXMLReporter -->
<testsuite ignored="0" hostname="Magda" failures="0" tests="5" name="NegativeLogInTest-CH" time="66.808" errors="0" timestamp="09 kwi 2022 23:20:50 GMT">
  <testcase classname="index.loginpagetests.NegativeLogInTests" name="negativeLogInTest" time="6.773"/>
  <testcase classname="index.loginpagetests.NegativeLogInTests" name="negativeLogInTest" time="8.264"/>
  <testcase classname="index.loginpagetests.NegativeLogInTests" name="negativeLogInTest" time="7.419"/>
  <testcase classname="index.loginpagetests.NegativeLogInTests" name="negativeLogInTest" time="6.351"/>
  <testcase classname="index.loginpagetests.NegativeLogInTests" name="negativeLogInTest" time="6.73"/>
</testsuite> <!-- NegativeLogInTest-CH -->
