<?xml version="1.0" encoding="UTF-8"?>
<!-- Generated by org.testng.reporters.JUnitXMLReporter -->
<testsuite ignored="0" hostname="Magda" failures="0" tests="3" name="AddToClosetTest-CH" time="103.01" errors="0" timestamp="11 kwi 2022 15:35:30 GMT">
  <testcase classname="index.addtoclosettests.AddToClosetTests" name="addToClosetTest" time="25.566"/>
  <testcase classname="index.addtoclosettests.AddToClosetTests" name="addToClosetTest" time="27.819"/>
  <testcase classname="index.addtoclosettests.AddToClosetTests" name="addToClosetTest" time="27.349"/>
</testsuite> <!-- AddToClosetTest-CH -->
